Unity Editor version:    2020.3.24f1 (79c78de19888)
Branch:                  2020.3/staging
Build type:              Release
Batch mode:              YES
macOS version:           Version 12.0.1 (Build 21A559)
Darwin version:          21.1.0
Architecture:            x86_64
Running under Rosetta:   YES
Available memory:        16384 MB
Using pre-set license
Pro License: NO

COMMAND LINE ARGUMENTS:
/Applications/Unity/Hub/Editor/2020.3.24f1/Unity.app/Contents/MacOS/Unity
-adb2
-batchMode
-noUpm
-name
AssetImportWorker0
-projectPath
/Users/gameograph2/HypercasualTemplate
-logFile
Logs/AssetImportWorker0.log
-srvPort
51001
Successfully changed project path to: /Users/gameograph2/HypercasualTemplate
/Users/gameograph2/HypercasualTemplate
Using Asset Import Pipeline V2.
Refreshing native plugins compatible for Editor in 48.97 ms, found 2 plugins.
Preloading 0 native plugins for Editor in 0.00 ms.
Initialize engine version: 2020.3.24f1 (79c78de19888)
[Subsystems] Discovering subsystems at path /Applications/Unity/Hub/Editor/2020.3.24f1/Unity.app/Contents/Resources/UnitySubsystems
[Subsystems] Discovering subsystems at path /Users/gameograph2/HypercasualTemplate/Assets
GfxDevice: creating device client; threaded=0
2022-02-02 11:55:22.738 Unity[9352:197084] (null) preferred device: Apple M1 (high power)
2022-02-02 11:55:22.738 Unity[9352:197084] Metal devices available: 1
2022-02-02 11:55:22.738 Unity[9352:197084] 0: Apple M1 (high power)
2022-02-02 11:55:22.740 Unity[9352:197084] Using device Apple M1 (high power)
Initializing Metal device caps: Apple M1
Initialize mono
Mono path[0] = '/Applications/Unity/Hub/Editor/2020.3.24f1/Unity.app/Contents/Managed'
Mono path[1] = '/Applications/Unity/Hub/Editor/2020.3.24f1/Unity.app/Contents/MonoBleedingEdge/lib/mono/unityjit'
Mono config path = '/Applications/Unity/Hub/Editor/2020.3.24f1/Unity.app/Contents/MonoBleedingEdge/etc'
Using monoOptions --debugger-agent=transport=dt_socket,embedding=1,server=y,suspend=n,address=127.0.0.1:56352
Begin MonoManager ReloadAssembly
Registering precompiled unity dll's ...
Register platform support module: /Applications/Unity/Hub/Editor/2020.3.24f1/Unity.app/Contents/PlaybackEngines/MacStandaloneSupport/UnityEditor.OSXStandalone.Extensions.dll
Registered in 0.000361 seconds.
Native extension for OSXStandalone target not found
Refreshing native plugins compatible for Editor in 49.56 ms, found 2 plugins.
Preloading 0 native plugins for Editor in 0.00 ms.
Mono: successfully reloaded assembly
- Completed reload, in  1.124 seconds
Domain Reload Profiling:
	ReloadAssembly (1124ms)
		BeginReloadAssembly (78ms)
			ExecutionOrderSort (0ms)
			DisableScriptedObjects (0ms)
			BackupInstance (0ms)
			ReleaseScriptingObjects (0ms)
			CreateAndSetChildDomain (2ms)
		EndReloadAssembly (939ms)
			LoadAssemblies (76ms)
			RebuildTransferFunctionScriptingTraits (0ms)
			SetupTypeCache (168ms)
			ReleaseScriptCaches (0ms)
			RebuildScriptCaches (38ms)
			SetupLoadedEditorAssemblies (482ms)
				LogAssemblyErrors (0ms)
				InitializePlatformSupportModulesInManaged (12ms)
				SetLoadedEditorAssemblies (0ms)
				RefreshPlugins (50ms)
				BeforeProcessingInitializeOnLoad (72ms)
				ProcessInitializeOnLoadAttributes (256ms)
				ProcessInitializeOnLoadMethodAttributes (92ms)
				AfterProcessingInitializeOnLoad (0ms)
				EditorAssembliesLoaded (1ms)
			ExecutionOrderSort2 (0ms)
			AwakeInstancesAfterBackupRestoration (0ms)
Platform modules already initialized, skipping
Registering precompiled user dll's ...
Registered in 0.003126 seconds.
Begin MonoManager ReloadAssembly
Native extension for OSXStandalone target not found
Refreshing native plugins compatible for Editor in 50.24 ms, found 2 plugins.
Preloading 0 native plugins for Editor in 0.00 ms.
Mono: successfully reloaded assembly
- Completed reload, in  2.135 seconds
Domain Reload Profiling:
	ReloadAssembly (2136ms)
		BeginReloadAssembly (240ms)
			ExecutionOrderSort (0ms)
			DisableScriptedObjects (28ms)
			BackupInstance (0ms)
			ReleaseScriptingObjects (0ms)
			CreateAndSetChildDomain (29ms)
		EndReloadAssembly (1809ms)
			LoadAssemblies (172ms)
			RebuildTransferFunctionScriptingTraits (0ms)
			SetupTypeCache (362ms)
			ReleaseScriptCaches (1ms)
			RebuildScriptCaches (62ms)
			SetupLoadedEditorAssemblies (932ms)
				LogAssemblyErrors (0ms)
				InitializePlatformSupportModulesInManaged (9ms)
				SetLoadedEditorAssemblies (1ms)
				RefreshPlugins (50ms)
				BeforeProcessingInitializeOnLoad (171ms)
				ProcessInitializeOnLoadAttributes (674ms)
				ProcessInitializeOnLoadMethodAttributes (25ms)
				AfterProcessingInitializeOnLoad (1ms)
				EditorAssembliesLoaded (0ms)
			ExecutionOrderSort2 (0ms)
			AwakeInstancesAfterBackupRestoration (28ms)
Platform modules already initialized, skipping
Validating Project structure ... 0.001785 seconds.
Shader import version has changed; will reimport all shaders...
Upgrading shader files ...0.013494 seconds.
Application.AssetDatabase Initial Script Refresh Start
RefreshInfo: InitialScriptRefreshV2(NoUpdateAssetOptions) scanfilter:  ... 1 filters
RefreshProfiler: Total: 0.000ms
Application.AssetDatabase Initial Script Refresh End
Application.AssetDatabase.Refresh Start
Application.AssetDatabase.Refresh End
RefreshInfo: StopAssetImportingV2(ForceSynchronousImport) scanfilter: 
RefreshProfiler: Total: 0.000ms
Launching external process: /Applications/Unity/Hub/Editor/2020.3.24f1/Unity.app/Contents/Tools/UnityShaderCompiler
Launched and connected shader compiler UnityShaderCompiler after 0.02 seconds
Initializing Unity extensions:
2022-02-02 11:55:27.128 Unity[9352:197084] NSEventModifierFlagFunction specified to -setKeyEquivalentModifierMask: for item <NSMenuItem: 0x600000e35b20 Font Asset, ke='Command-F12'>, but is only supported for system-provided menu items; will not be used
2022-02-02 11:55:27.131 Unity[9352:197084] NSEventModifierFlagFunction specified to -setKeyEquivalentModifierMask: for item <NSMenuItem: 0x600000ecaca0 Font Asset, ke='Command-F12'>, but is only supported for system-provided menu items; will not be used
========================================================================
Worker process is ready to serve import requests
Refreshing native plugins compatible for Editor in 0.45 ms, found 2 plugins.
Preloading 0 native plugins for Editor in 0.00 ms.
Unloading 3115 Unused Serialized files (Serialized files now loaded: 0)
System memory in use before: 280.2 MB.
System memory in use after: 279.9 MB.

Unloading 213 unused Assets to reduce memory usage. Loaded Objects now: 3589.
Total: 2.634792 ms (FindLiveObjects: 0.170166 ms CreateObjectMapping: 0.068042 ms MarkObjects: 2.171958 ms  DeleteObjects: 0.223750 ms)

AssetImportParameters requested are different than current active one (requested -> active):
  custom:video-decoder-ogg-theora: a1e56fd34408186e4bbccfd4996cb3dc -> 
  custom:container-muxer-webm: aa71ff27fc2769a1b78a27578f13a17b -> 
  custom:container-demuxer-webm: 4f35f7cbe854078d1ac9338744f61a02 -> 
  custom:container-demuxer-ogg: 62fdf1f143b41e24485cea50d1cbac27 -> 
  custom:video-encoder-webm-vp8: eb34c28f22e8b96e1ab97ce403110664 -> 
  custom:framework-osx-AVFoundation: e770b220cccbd017edd2c1fefb359320 -> 
  custom:video-decoder-webm-vp8: 9c59270c3fd7afecdb556c50c9e8de78 -> 
  custom:audio-decoder-ogg-vorbis: bf7c407c2cedff20999df2af8eb42d56 -> 
  custom:audio-encoder-webm-vorbis: bf7c407c2cedff20999df2af8eb42d56 -> 
========================================================================
Received Import Request.
  path: Assets/Scripts/Level
  artifactKey: Guid(85f82ddbcf6fa3243a3cd99956387a5f) Importer(815301076,1909f56bfc062723c751e8b465ee728b)
Start importing Assets/Scripts/Level using Guid(85f82ddbcf6fa3243a3cd99956387a5f) Importer(815301076,1909f56bfc062723c751e8b465ee728b)  -> (artifact id: '90ab61c045e89294d16439bfded88ce5') in 0.006440 seconds 
  Import took 0.009758 seconds .

========================================================================
Received Import Request.
  Time since last request: 975.188801 seconds.
  path: Assets/_ImportedAssets
  artifactKey: Guid(bcdd77a6f93ba4293828c94f7ef2432d) Importer(815301076,1909f56bfc062723c751e8b465ee728b)
Start importing Assets/_ImportedAssets using Guid(bcdd77a6f93ba4293828c94f7ef2432d) Importer(815301076,1909f56bfc062723c751e8b465ee728b)  -> (artifact id: '1547ec2a88c16842c3c5f9e1a7556630') in 0.001051 seconds 
  Import took 0.004592 seconds .

========================================================================
Received Import Request.
  Time since last request: 1.430521 seconds.
  path: Assets/NaughtyAttributes
  artifactKey: Guid(81027022d048b044bafce13050d1fa33) Importer(815301076,1909f56bfc062723c751e8b465ee728b)
Start importing Assets/NaughtyAttributes using Guid(81027022d048b044bafce13050d1fa33) Importer(815301076,1909f56bfc062723c751e8b465ee728b)  -> (artifact id: 'debe52e00aad127b908f4164a3b2109a') in 0.001077 seconds 
  Import took 0.006821 seconds .

========================================================================
Received Import Request.
  Time since last request: 0.117726 seconds.
  path: Assets/Plugins
  artifactKey: Guid(1d246dfd4dd9043559d6889f458643ff) Importer(815301076,1909f56bfc062723c751e8b465ee728b)
Start importing Assets/Plugins using Guid(1d246dfd4dd9043559d6889f458643ff) Importer(815301076,1909f56bfc062723c751e8b465ee728b)  -> (artifact id: 'ae9a1d0299077143598ca0b805900498') in 0.000922 seconds 
  Import took 0.006036 seconds .

========================================================================
Received Import Request.
  Time since last request: 0.253624 seconds.
  path: Assets/Resources
  artifactKey: Guid(2af143c76e7fa470f8a07b6a29efdf17) Importer(815301076,1909f56bfc062723c751e8b465ee728b)
Start importing Assets/Resources using Guid(2af143c76e7fa470f8a07b6a29efdf17) Importer(815301076,1909f56bfc062723c751e8b465ee728b)  -> (artifact id: '84e6077bdef93828defe4740d48f5562') in 0.001121 seconds 
  Import took 0.006894 seconds .

========================================================================
Received Import Request.
  Time since last request: 0.101618 seconds.
  path: Assets/Scenes
  artifactKey: Guid(ce3f84a1584fc428a9714be3f2506376) Importer(815301076,1909f56bfc062723c751e8b465ee728b)
Start importing Assets/Scenes using Guid(ce3f84a1584fc428a9714be3f2506376) Importer(815301076,1909f56bfc062723c751e8b465ee728b)  -> (artifact id: 'ff4b755d2c33300e666c950d9a2438d9') in 0.000947 seconds 
  Import took 0.005684 seconds .

========================================================================
Received Import Request.
  Time since last request: 19.424556 seconds.
  path: Assets/_ImportedAssetsIgnored
  artifactKey: Guid(161365a09f2424e6288f80df311676d6) Importer(815301076,1909f56bfc062723c751e8b465ee728b)
Start importing Assets/_ImportedAssetsIgnored using Guid(161365a09f2424e6288f80df311676d6) Importer(815301076,1909f56bfc062723c751e8b465ee728b)  -> (artifact id: 'dd32f4d504fb30db909bed8e63f0070e') in 0.001175 seconds 
  Import took 0.005504 seconds .

========================================================================
Received Import Request.
  Time since last request: 69.571656 seconds.
  path: Assets/_ImportedAssets/_Ignored
  artifactKey: Guid(3c44f5436ffd44ed0bfeb3e947466fc8) Importer(815301076,1909f56bfc062723c751e8b465ee728b)
Start importing Assets/_ImportedAssets/_Ignored using Guid(3c44f5436ffd44ed0bfeb3e947466fc8) Importer(815301076,1909f56bfc062723c751e8b465ee728b)  -> (artifact id: '913e3468cdd2813bd69e4faf55cb291f') in 0.001176 seconds 
  Import took 0.005390 seconds .

